#
# There is insufficient memory for the Java Runtime Environment to continue.
# Native memory allocation (malloc) failed to allocate 1046736 bytes for Chunk::new
# Possible reasons:
#   The system is out of physical RAM or swap space
#   In 32 bit mode, the process size limit was hit
# Possible solutions:
#   Reduce memory load on the system
#   Increase physical memory or swap space
#   Check if swap backing store is full
#   Use 64 bit Java on a 64 bit OS
#   Decrease Java heap size (-Xmx/-Xms)
#   Decrease number of Java threads
#   Decrease Java thread stack sizes (-Xss)
#   Set larger code cache with -XX:ReservedCodeCacheSize=
# This output file may be truncated or incomplete.
#
#  Out of Memory Error (allocation.cpp:390), pid=1248, tid=0x00000000000020b8
#
# JRE version: Java(TM) SE Runtime Environment (8.0_121-b13) (build 1.8.0_121-b13)
# Java VM: Java HotSpot(TM) 64-Bit Server VM (25.121-b13 mixed mode windows-amd64 compressed oops)
# Failed to write core dump. Minidumps are not enabled by default on client versions of Windows
#

---------------  T H R E A D  ---------------

Current thread (0x0000000016f73000):  JavaThread "C2 CompilerThread0" daemon [_thread_in_native, id=8376, stack(0x0000000018ae0000,0x0000000018be0000)]

Stack: [0x0000000018ae0000,0x0000000018be0000]
[error occurred during error reporting (printing stack bounds), id 0xc0000005]

Native frames: (J=compiled Java code, j=interpreted, Vv=VM code, C=native code)


Current CompileTask:
C2:  29329 2689       4       org.codehaus.groovy.reflection.CachedMethod::compareTo (25 bytes)


---------------  P R O C E S S  ---------------

Java Threads: ( => current thread )
  0x0000000018661000 JavaThread "Keep-Alive-Timer" daemon [_thread_blocked, id=11524, stack(0x000000001e320000,0x000000001e420000)]
  0x00000000194c6000 JavaThread "/127.0.0.1:60127 to /127.0.0.1:60126 workers Thread 3" [_thread_in_native, id=10440, stack(0x0000000019e20000,0x0000000019f20000)]
  0x00000000194cb000 JavaThread "/127.0.0.1:60127 to /127.0.0.1:60126 workers Thread 2" [_thread_blocked, id=12596, stack(0x0000000019d20000,0x0000000019e20000)]
  0x0000000019435000 JavaThread "Test worker" [_thread_in_native, id=12532, stack(0x00000000198e0000,0x00000000199e0000)]
  0x000000001845a800 JavaThread "Service Thread" daemon [_thread_blocked, id=11252, stack(0x0000000018de0000,0x0000000018ee0000)]
  0x0000000016f7b000 JavaThread "C1 CompilerThread2" daemon [_thread_blocked, id=9980, stack(0x0000000018ce0000,0x0000000018de0000)]
  0x0000000016f74800 JavaThread "C2 CompilerThread1" daemon [_thread_blocked, id=5048, stack(0x0000000018be0000,0x0000000018ce0000)]
=>0x0000000016f73000 JavaThread "C2 CompilerThread0" daemon [_thread_in_native, id=8376, stack(0x0000000018ae0000,0x0000000018be0000)]
  0x0000000016f6f800 JavaThread "Attach Listener" daemon [_thread_blocked, id=1724, stack(0x00000000189e0000,0x0000000018ae0000)]
  0x00000000183e3000 JavaThread "Signal Dispatcher" daemon [_thread_blocked, id=6604, stack(0x00000000188e0000,0x00000000189e0000)]
  0x0000000016f2a000 JavaThread "Finalizer" daemon [_thread_blocked, id=7852, stack(0x00000000181a0000,0x00000000182a0000)]
  0x0000000016f09000 JavaThread "Reference Handler" daemon [_thread_blocked, id=9420, stack(0x00000000180a0000,0x00000000181a0000)]
  0x000000000220d800 JavaThread "main" [_thread_blocked, id=5468, stack(0x0000000002210000,0x0000000002310000)]

Other Threads:
  0x0000000016f07000 VMThread [stack: 0x0000000017fa0000,0x00000000180a0000] [id=9096]
  0x00000000184cf000 WatcherThread [stack: 0x0000000018ee0000,0x0000000018fe0000] [id=5264]

VM state:not at safepoint (normal execution)

VM Mutex/Monitor currently owned by a thread: None

Heap:
 PSYoungGen      total 117248K, used 40081K [0x00000000d5f00000, 0x00000000ddd00000, 0x0000000100000000)
  eden space 111104K, 30% used [0x00000000d5f00000,0x00000000d80298b0,0x00000000dcb80000)
  from space 6144K, 99% used [0x00000000dd700000,0x00000000ddcfab88,0x00000000ddd00000)
  to   space 8704K, 0% used [0x00000000dcc00000,0x00000000dcc00000,0x00000000dd480000)
 ParOldGen       total 82944K, used 18636K [0x0000000081c00000, 0x0000000086d00000, 0x00000000d5f00000)
  object space 82944K, 22% used [0x0000000081c00000,0x0000000082e33148,0x0000000086d00000)
 Metaspace       used 39725K, capacity 40540K, committed 40576K, reserved 1083392K
  class space    used 6280K, capacity 6496K, committed 6528K, reserved 1048576K

Card table byte_map: [0x00000000117d0000,0x0000000011bd0000] byte_map_base: 0x00000000113c2000

Marking Bits: (ParMarkBitMap*) 0x00000000698fb6d0
 Begin Bits: [0x0000000012280000, 0x0000000014210000)
 End Bits:   [0x0000000014210000, 0x00000000161a0000)

Polling page: 0x0000000000520000

CodeCache: size=245760Kb used=8459Kb max_used=8483Kb free=237300Kb
 bounds [0x0000000002410000, 0x0000000002c70000, 0x0000000011410000]
 total_blobs=3165 nmethods=2433 adapters=644
 compilation: enabled

Compilation events (10 events):
Event: 29.167 Thread 0x0000000016f7b000 nmethod 2731 0x0000000002acb750 code [0x0000000002acb8c0, 0x0000000002acbb70]
Event: 29.167 Thread 0x0000000016f7b000 2732       3       sun.util.calendar.BaseCalendar$Date::<init> (32 bytes)
Event: 29.167 Thread 0x0000000016f7b000 nmethod 2732 0x000000000274ea10 code [0x000000000274eb80, 0x000000000274edd0]
Event: 29.168 Thread 0x0000000016f7b000 2733       3       java.util.Calendar$Builder::isInstantSet (14 bytes)
Event: 29.168 Thread 0x0000000016f7b000 nmethod 2733 0x000000000274e690 code [0x000000000274e7e0, 0x000000000274e990]
Event: 29.190 Thread 0x0000000016f74800 nmethod 2688 0x0000000002c668d0 code [0x0000000002c66cc0, 0x0000000002c69e60]
Event: 29.191 Thread 0x0000000016f74800 2693       4       org.codehaus.groovy.util.LazyReference::get (44 bytes)
Event: 29.206 Thread 0x0000000016f74800 nmethod 2693 0x00000000026ac490 code [0x00000000026ac680, 0x00000000026ace60]
Event: 29.207 Thread 0x0000000016f74800 2692       4       org.codehaus.groovy.reflection.CachedMethod::getModifiers (8 bytes)
Event: 29.207 Thread 0x0000000016f74800 nmethod 2692 0x000000000255d310 code [0x000000000255d440, 0x000000000255d4b8]

GC Heap History (10 events):
Event: 3.424 GC heap before
{Heap before GC invocations=6 (full 1):
 PSYoungGen      total 71680K, used 66559K [0x00000000d5f00000, 0x00000000daa00000, 0x0000000100000000)
  eden space 66560K, 99% used [0x00000000d5f00000,0x00000000d9ffff70,0x00000000da000000)
  from space 5120K, 0% used [0x00000000da500000,0x00000000da500000,0x00000000daa00000)
  to   space 5120K, 0% used [0x00000000da000000,0x00000000da000000,0x00000000da500000)
 ParOldGen       total 51200K, used 6067K [0x0000000081c00000, 0x0000000084e00000, 0x00000000d5f00000)
  object space 51200K, 11% used [0x0000000081c00000,0x00000000821eccd8,0x0000000084e00000)
 Metaspace       used 24140K, capacity 24860K, committed 25088K, reserved 1071104K
  class space    used 3820K, capacity 4026K, committed 4096K, reserved 1048576K
Event: 3.433 GC heap after
Heap after GC invocations=6 (full 1):
 PSYoungGen      total 71680K, used 4886K [0x00000000d5f00000, 0x00000000ddf80000, 0x0000000100000000)
  eden space 66560K, 0% used [0x00000000d5f00000,0x00000000d5f00000,0x00000000da000000)
  from space 5120K, 95% used [0x00000000da000000,0x00000000da4c5b68,0x00000000da500000)
  to   space 8704K, 0% used [0x00000000dd700000,0x00000000dd700000,0x00000000ddf80000)
 ParOldGen       total 51200K, used 6067K [0x0000000081c00000, 0x0000000084e00000, 0x00000000d5f00000)
  object space 51200K, 11% used [0x0000000081c00000,0x00000000821eccd8,0x0000000084e00000)
 Metaspace       used 24140K, capacity 24860K, committed 25088K, reserved 1071104K
  class space    used 3820K, capacity 4026K, committed 4096K, reserved 1048576K
}
Event: 4.050 GC heap before
{Heap before GC invocations=7 (full 1):
 PSYoungGen      total 71680K, used 71446K [0x00000000d5f00000, 0x00000000ddf80000, 0x0000000100000000)
  eden space 66560K, 100% used [0x00000000d5f00000,0x00000000da000000,0x00000000da000000)
  from space 5120K, 95% used [0x00000000da000000,0x00000000da4c5b68,0x00000000da500000)
  to   space 8704K, 0% used [0x00000000dd700000,0x00000000dd700000,0x00000000ddf80000)
 ParOldGen       total 51200K, used 6067K [0x0000000081c00000, 0x0000000084e00000, 0x00000000d5f00000)
  object space 51200K, 11% used [0x0000000081c00000,0x00000000821eccd8,0x0000000084e00000)
 Metaspace       used 27441K, capacity 28226K, committed 28544K, reserved 1073152K
  class space    used 4412K, capacity 4636K, committed 4736K, reserved 1048576K
Event: 4.056 GC heap after
Heap after GC invocations=7 (full 1):
 PSYoungGen      total 117248K, used 6120K [0x00000000d5f00000, 0x00000000ddd00000, 0x0000000100000000)
  eden space 111104K, 0% used [0x00000000d5f00000,0x00000000d5f00000,0x00000000dcb80000)
  from space 6144K, 99% used [0x00000000dd700000,0x00000000ddcfa380,0x00000000ddd00000)
  to   space 8704K, 0% used [0x00000000dcc00000,0x00000000dcc00000,0x00000000dd480000)
 ParOldGen       total 51200K, used 6075K [0x0000000081c00000, 0x0000000084e00000, 0x00000000d5f00000)
  object space 51200K, 11% used [0x0000000081c00000,0x00000000821eecd8,0x0000000084e00000)
 Metaspace       used 27441K, capacity 28226K, committed 28544K, reserved 1073152K
  class space    used 4412K, capacity 4636K, committed 4736K, reserved 1048576K
}
Event: 5.098 GC heap before
{Heap before GC invocations=8 (full 1):
 PSYoungGen      total 117248K, used 77306K [0x00000000d5f00000, 0x00000000ddd00000, 0x0000000100000000)
  eden space 111104K, 64% used [0x00000000d5f00000,0x00000000da484788,0x00000000dcb80000)
  from space 6144K, 99% used [0x00000000dd700000,0x00000000ddcfa380,0x00000000ddd00000)
  to   space 8704K, 0% used [0x00000000dcc00000,0x00000000dcc00000,0x00000000dd480000)
 ParOldGen       total 51200K, used 6075K [0x0000000081c00000, 0x0000000084e00000, 0x00000000d5f00000)
  object space 51200K, 11% used [0x0000000081c00000,0x00000000821eecd8,0x0000000084e00000)
 Metaspace       used 34568K, capacity 35272K, committed 35416K, reserved 1079296K
  class space    used 5608K, capacity 5789K, committed 5888K, reserved 1048576K
Event: 5.111 GC heap after
Heap after GC invocations=8 (full 1):
 PSYoungGen      total 119808K, used 8689K [0x00000000d5f00000, 0x00000000ddd00000, 0x0000000100000000)
  eden space 111104K, 0% used [0x00000000d5f00000,0x00000000d5f00000,0x00000000dcb80000)
  from space 8704K, 99% used [0x00000000dcc00000,0x00000000dd47c5e0,0x00000000dd480000)
  to   space 6144K, 0% used [0x00000000dd700000,0x00000000dd700000,0x00000000ddd00000)
 ParOldGen       total 51200K, used 9622K [0x0000000081c00000, 0x0000000084e00000, 0x00000000d5f00000)
  object space 51200K, 18% used [0x0000000081c00000,0x0000000082565b10,0x0000000084e00000)
 Metaspace       used 34568K, capacity 35272K, committed 35416K, reserved 1079296K
  class space    used 5608K, capacity 5789K, committed 5888K, reserved 1048576K
}
Event: 5.111 GC heap before
{Heap before GC invocations=9 (full 2):
 PSYoungGen      total 119808K, used 8689K [0x00000000d5f00000, 0x00000000ddd00000, 0x0000000100000000)
  eden space 111104K, 0% used [0x00000000d5f00000,0x00000000d5f00000,0x00000000dcb80000)
  from space 8704K, 99% used [0x00000000dcc00000,0x00000000dd47c5e0,0x00000000dd480000)
  to   space 6144K, 0% used [0x00000000dd700000,0x00000000dd700000,0x00000000ddd00000)
 ParOldGen       total 51200K, used 9622K [0x0000000081c00000, 0x0000000084e00000, 0x00000000d5f00000)
  object space 51200K, 18% used [0x0000000081c00000,0x0000000082565b10,0x0000000084e00000)
 Metaspace       used 34568K, capacity 35272K, committed 35416K, reserved 1079296K
  class space    used 5608K, capacity 5789K, committed 5888K, reserved 1048576K
Event: 5.196 GC heap after
Heap after GC invocations=9 (full 2):
 PSYoungGen      total 119808K, used 0K [0x00000000d5f00000, 0x00000000ddd00000, 0x0000000100000000)
  eden space 111104K, 0% used [0x00000000d5f00000,0x00000000d5f00000,0x00000000dcb80000)
  from space 8704K, 0% used [0x00000000dcc00000,0x00000000dcc00000,0x00000000dd480000)
  to   space 6144K, 0% used [0x00000000dd700000,0x00000000dd700000,0x00000000ddd00000)
 ParOldGen       total 82944K, used 17402K [0x0000000081c00000, 0x0000000086d00000, 0x00000000d5f00000)
  object space 82944K, 20% used [0x0000000081c00000,0x0000000082cfe9b0,0x0000000086d00000)
 Metaspace       used 34568K, capacity 35272K, committed 35416K, reserved 1079296K
  class space    used 5608K, capacity 5789K, committed 5888K, reserved 1048576K
}
Event: 25.375 GC heap before
{Heap before GC invocations=10 (full 2):
 PSYoungGen      total 119808K, used 111104K [0x00000000d5f00000, 0x00000000ddd00000, 0x0000000100000000)
  eden space 111104K, 100% used [0x00000000d5f00000,0x00000000dcb80000,0x00000000dcb80000)
  from space 8704K, 0% used [0x00000000dcc00000,0x00000000dcc00000,0x00000000dd480000)
  to   space 6144K, 0% used [0x00000000dd700000,0x00000000dd700000,0x00000000ddd00000)
 ParOldGen       total 82944K, used 17402K [0x0000000081c00000, 0x0000000086d00000, 0x00000000d5f00000)
  object space 82944K, 20% used [0x0000000081c00000,0x0000000082cfe9b0,0x0000000086d00000)
 Metaspace       used 39519K, capacity 40280K, committed 40320K, reserved 1083392K
  class space    used 6263K, capacity 6496K, committed 6528K, reserved 1048576K
Event: 25.382 GC heap after
Heap after GC invocations=10 (full 2):
 PSYoungGen      total 117248K, used 6122K [0x00000000d5f00000, 0x00000000ddd00000, 0x0000000100000000)
  eden space 111104K, 0% used [0x00000000d5f00000,0x00000000d5f00000,0x00000000dcb80000)
  from space 6144K, 99% used [0x00000000dd700000,0x00000000ddcfab88,0x00000000ddd00000)
  to   space 8704K, 0% used [0x00000000dcc00000,0x00000000dcc00000,0x00000000dd480000)
 ParOldGen       total 82944K, used 18636K [0x0000000081c00000, 0x0000000086d00000, 0x00000000d5f00000)
  object space 82944K, 22% used [0x0000000081c00000,0x0000000082e33148,0x0000000086d00000)
 Metaspace       used 39519K, capacity 40280K, committed 40320K, reserved 1083392K
  class space    used 6263K, capacity 6496K, committed 6528K, reserved 1048576K
}

Deoptimization events (10 events):
Event: 5.400 Thread 0x0000000019435000 Uncommon trap: reason=unstable_if action=reinterpret pc=0x0000000002b0bc90 method=java.util.WeakHashMap.remove(Ljava/lang/Object;)Ljava/lang/Object; @ 94
Event: 7.505 Thread 0x0000000019435000 Uncommon trap: reason=unstable_if action=reinterpret pc=0x0000000002b054ac method=java.util.WeakHashMap.remove(Ljava/lang/Object;)Ljava/lang/Object; @ 94
Event: 7.507 Thread 0x000000001a2c6000 Uncommon trap: reason=bimorphic action=maybe_recompile pc=0x000000000278c120 method=java.net.URL.<init>(Ljava/net/URL;Ljava/lang/String;Ljava/net/URLStreamHandler;)V @ 504
Event: 7.507 Thread 0x000000001a2c6000 Uncommon trap: reason=unstable_if action=reinterpret pc=0x0000000002a40df8 method=java.net.URLStreamHandler.parseURL(Ljava/net/URL;Ljava/lang/String;II)V @ 84
Event: 7.508 Thread 0x000000001a2c6000 Uncommon trap: reason=unstable_if action=reinterpret pc=0x00000000028abaac method=java.net.URL.set(Ljava/lang/String;Ljava/lang/String;ILjava/lang/String;Ljava/lang/String;Ljava/lang/String;Ljava/lang/String;Ljava/lang/String;)V @ 23
Event: 7.899 Thread 0x0000000019435000 Uncommon trap: reason=bimorphic action=maybe_recompile pc=0x000000000278c120 method=java.net.URL.<init>(Ljava/net/URL;Ljava/lang/String;Ljava/net/URLStreamHandler;)V @ 504
Event: 11.185 Thread 0x000000001bc02800 Uncommon trap: reason=unstable_if action=reinterpret pc=0x00000000028a5d4c method=java.net.URL.set(Ljava/lang/String;Ljava/lang/String;ILjava/lang/String;Ljava/lang/String;Ljava/lang/String;Ljava/lang/String;Ljava/lang/String;)V @ 23
Event: 11.187 Thread 0x000000001bc02800 Uncommon trap: reason=unstable_if action=reinterpret pc=0x0000000002b2e6b4 method=java.net.URLStreamHandler.toExternalForm(Ljava/net/URL;)Ljava/lang/String; @ 14
Event: 11.998 Thread 0x000000001ad18000 Uncommon trap: reason=unstable_if action=reinterpret pc=0x0000000002a31cb0 method=java.util.concurrent.ConcurrentHashMap.putVal(Ljava/lang/Object;Ljava/lang/Object;Z)Ljava/lang/Object; @ 98
Event: 25.383 Thread 0x0000000016f09000 Uncommon trap: reason=unstable_if action=reinterpret pc=0x0000000002b06eb4 method=java.lang.ref.Reference.tryHandlePending(Z)Z @ 20

Internal exceptions (10 events):
Event: 29.133 Thread 0x000000001866c800 Exception <a 'java/net/SocketException': Socket closed> (0x00000000d7e07970) thrown at [C:\re\workspace\8-2-build-windows-amd64-cygwin\jdk8u121\8372\hotspot\src\share\vm\prims\jni.cpp, line 735]
Event: 29.133 Thread 0x000000001866c800 Exception <a 'java/net/SocketException': Socket closed> (0x00000000d7e07bc0) thrown at [C:\re\workspace\8-2-build-windows-amd64-cygwin\jdk8u121\8372\hotspot\src\share\vm\prims\jni.cpp, line 735]
Event: 29.133 Thread 0x000000001866c800 Exception <a 'java/net/SocketException': Socket closed> (0x00000000d7e07e10) thrown at [C:\re\workspace\8-2-build-windows-amd64-cygwin\jdk8u121\8372\hotspot\src\share\vm\prims\jni.cpp, line 735]
Event: 29.133 Thread 0x000000001866c800 Exception <a 'java/net/SocketException': Socket closed> (0x00000000d7e08060) thrown at [C:\re\workspace\8-2-build-windows-amd64-cygwin\jdk8u121\8372\hotspot\src\share\vm\prims\jni.cpp, line 735]
Event: 29.133 Thread 0x000000001866c800 Exception <a 'java/net/SocketException': Socket closed> (0x00000000d7e082b0) thrown at [C:\re\workspace\8-2-build-windows-amd64-cygwin\jdk8u121\8372\hotspot\src\share\vm\prims\jni.cpp, line 735]
Event: 29.133 Thread 0x000000001866c800 Exception <a 'java/net/SocketException': Socket closed> (0x00000000d7e08500) thrown at [C:\re\workspace\8-2-build-windows-amd64-cygwin\jdk8u121\8372\hotspot\src\share\vm\prims\jni.cpp, line 735]
Event: 29.133 Thread 0x000000001866c800 Exception <a 'java/net/SocketException': Socket closed> (0x00000000d7e08750) thrown at [C:\re\workspace\8-2-build-windows-amd64-cygwin\jdk8u121\8372\hotspot\src\share\vm\prims\jni.cpp, line 735]
Event: 29.133 Thread 0x000000001866c800 Exception <a 'java/net/SocketException': Socket closed> (0x00000000d7e089a0) thrown at [C:\re\workspace\8-2-build-windows-amd64-cygwin\jdk8u121\8372\hotspot\src\share\vm\prims\jni.cpp, line 735]
Event: 29.142 Thread 0x000000001ad1e800 Exception <a 'java/lang/InterruptedException': sleep interrupted> (0x00000000d8001e08) thrown at [C:\re\workspace\8-2-build-windows-amd64-cygwin\jdk8u121\8372\hotspot\src\share\vm\prims\jvm.cpp, line 3228]
Event: 29.161 Thread 0x000000001866b800 Exception <a 'java/lang/InterruptedException': sleep interrupted> (0x00000000d785a940) thrown at [C:\re\workspace\8-2-build-windows-amd64-cygwin\jdk8u121\8372\hotspot\src\share\vm\prims\jvm.cpp, line 3228]

Events (10 events):
Event: 29.143 Thread 0x0000000018668000 Thread exited: 0x0000000018668000
Event: 29.144 Thread 0x000000001ad15000 Thread exited: 0x000000001ad15000
Event: 29.144 Thread 0x0000000018666000 Thread exited: 0x0000000018666000
Event: 29.147 Executing VM operation: RevokeBias
Event: 29.147 Executing VM operation: RevokeBias done
Event: 29.147 Thread 0x0000000018661000 Thread added: 0x0000000018661000
Event: 29.147 Thread 0x000000001ad11000 Thread exited: 0x000000001ad11000
Event: 29.160 Thread 0x000000001866b000 Thread exited: 0x000000001866b000
Event: 29.161 Thread 0x000000001866b800 Thread exited: 0x000000001866b800
Event: 29.207 Thread 0x0000000016f74800 flushing nmethod 0x0000000002a31050


Dynamic libraries:
0x00007ff7b52c0000 - 0x00007ff7b52f7000 	C:\jdk1.8.0_121\bin\java.exe
0x00007fffec5e0000 - 0x00007fffec7d0000 	C:\WINDOWS\SYSTEM32\ntdll.dll
0x00007fffec4e0000 - 0x00007fffec592000 	C:\WINDOWS\System32\KERNEL32.DLL
0x00007fffe95c0000 - 0x00007fffe9863000 	C:\WINDOWS\System32\KERNELBASE.dll
0x00007fffec3d0000 - 0x00007fffec473000 	C:\WINDOWS\System32\ADVAPI32.dll
0x00007fffeb3f0000 - 0x00007fffeb48e000 	C:\WINDOWS\System32\msvcrt.dll
0x00007fffeae70000 - 0x00007fffeaf07000 	C:\WINDOWS\System32\sechost.dll
0x00007fffea880000 - 0x00007fffea9a0000 	C:\WINDOWS\System32\RPCRT4.dll
0x00007fffeb130000 - 0x00007fffeb2c3000 	C:\WINDOWS\System32\USER32.dll
0x00007fffea630000 - 0x00007fffea651000 	C:\WINDOWS\System32\win32u.dll
0x00007fffeb100000 - 0x00007fffeb126000 	C:\WINDOWS\System32\GDI32.dll
0x00007fffe9a70000 - 0x00007fffe9c04000 	C:\WINDOWS\System32\gdi32full.dll
0x00007fffea490000 - 0x00007fffea52e000 	C:\WINDOWS\System32\msvcp_win.dll
0x00007fffea530000 - 0x00007fffea62a000 	C:\WINDOWS\System32\ucrtbase.dll
0x00007fffd3360000 - 0x00007fffd35e5000 	C:\WINDOWS\WinSxS\amd64_microsoft.windows.common-controls_6595b64144ccf1df_6.0.18362.295_none_e6c3acbd13101292\COMCTL32.dll
0x00007fffeb6f0000 - 0x00007fffeba26000 	C:\WINDOWS\System32\combase.dll
0x00007fffe9c10000 - 0x00007fffe9c90000 	C:\WINDOWS\System32\bcryptPrimitives.dll
0x00007fffeb2d0000 - 0x00007fffeb2fe000 	C:\WINDOWS\System32\IMM32.DLL
0x0000000069980000 - 0x0000000069a52000 	C:\jdk1.8.0_121\jre\bin\msvcr100.dll
0x00000000690e0000 - 0x000000006997b000 	C:\jdk1.8.0_121\jre\bin\server\jvm.dll
0x00007fffeb090000 - 0x00007fffeb098000 	C:\WINDOWS\System32\PSAPI.DLL
0x00007fffe7f90000 - 0x00007fffe7f99000 	C:\WINDOWS\SYSTEM32\WSOCK32.dll
0x00007fffe62a0000 - 0x00007fffe62c4000 	C:\WINDOWS\SYSTEM32\WINMM.dll
0x00007fffeba30000 - 0x00007fffeba9f000 	C:\WINDOWS\System32\WS2_32.dll
0x00007fffdc7f0000 - 0x00007fffdc7fa000 	C:\WINDOWS\SYSTEM32\VERSION.dll
0x00007fffe6170000 - 0x00007fffe619d000 	C:\WINDOWS\SYSTEM32\WINMMBASE.dll
0x00007fffe9570000 - 0x00007fffe95ba000 	C:\WINDOWS\System32\cfgmgr32.dll
0x00000000690d0000 - 0x00000000690df000 	C:\jdk1.8.0_121\jre\bin\verify.dll
0x00000000690a0000 - 0x00000000690c9000 	C:\jdk1.8.0_121\jre\bin\java.dll
0x0000000069080000 - 0x0000000069096000 	C:\jdk1.8.0_121\jre\bin\zip.dll
0x00007fffebc60000 - 0x00007fffec342000 	C:\WINDOWS\System32\SHELL32.dll
0x00007fffeafe0000 - 0x00007fffeb089000 	C:\WINDOWS\System32\shcore.dll
0x00007fffe9c90000 - 0x00007fffea40c000 	C:\WINDOWS\System32\windows.storage.dll
0x00007fffe9530000 - 0x00007fffe954f000 	C:\WINDOWS\System32\profapi.dll
0x00007fffe94e0000 - 0x00007fffe952a000 	C:\WINDOWS\System32\powrprof.dll
0x00007fffe94b0000 - 0x00007fffe94c0000 	C:\WINDOWS\System32\UMPDC.dll
0x00007fffec480000 - 0x00007fffec4d2000 	C:\WINDOWS\System32\shlwapi.dll
0x00007fffe94c0000 - 0x00007fffe94d1000 	C:\WINDOWS\System32\kernel.appcore.dll
0x00007fffea410000 - 0x00007fffea427000 	C:\WINDOWS\System32\cryptsp.dll
0x0000000069060000 - 0x000000006907a000 	C:\jdk1.8.0_121\jre\bin\net.dll
0x00007fffe8d20000 - 0x00007fffe8d87000 	C:\WINDOWS\system32\mswsock.dll
0x0000000069040000 - 0x0000000069051000 	C:\jdk1.8.0_121\jre\bin\nio.dll
0x00007fffe8890000 - 0x00007fffe88c3000 	C:\WINDOWS\system32\rsaenh.dll
0x00007fffea660000 - 0x00007fffea686000 	C:\WINDOWS\System32\bcrypt.dll
0x00007fffe93a0000 - 0x00007fffe93c5000 	C:\WINDOWS\SYSTEM32\USERENV.dll
0x00007fffe8ef0000 - 0x00007fffe8efc000 	C:\WINDOWS\SYSTEM32\CRYPTBASE.dll
0x00007fffe8a30000 - 0x00007fffe8a6a000 	C:\WINDOWS\SYSTEM32\IPHLPAPI.DLL
0x00007fffea710000 - 0x00007fffea718000 	C:\WINDOWS\System32\NSI.dll
0x00007fffe0ef0000 - 0x00007fffe0f06000 	C:\WINDOWS\SYSTEM32\dhcpcsvc6.DLL
0x00007fffe0ed0000 - 0x00007fffe0eec000 	C:\WINDOWS\SYSTEM32\dhcpcsvc.DLL
0x00007fffe8a70000 - 0x00007fffe8b3a000 	C:\WINDOWS\SYSTEM32\DNSAPI.dll
0x00007fffdd450000 - 0x00007fffdd45a000 	C:\Windows\System32\rasadhlp.dll
0x0000000069030000 - 0x000000006903d000 	C:\jdk1.8.0_121\jre\bin\management.dll
0x00007fffd4880000 - 0x00007fffd48c8000 	C:\WINDOWS\SYSTEM32\pdh.dll
0x00007fffe0c50000 - 0x00007fffe0cc7000 	C:\WINDOWS\System32\fwpuclnt.dll
0x00007fffd2060000 - 0x00007fffd206f000 	C:\WINDOWS\System32\perfproc.dll
0x00007fffe34f0000 - 0x00007fffe34fe000 	C:\WINDOWS\System32\perfos.dll

VM Arguments:
jvm_args: -Djava.security.manager=worker.org.gradle.process.internal.worker.child.BootstrapSecurityManager -Dorg.gradle.native=false -Dfile.encoding=windows-1252 -Duser.country=US -Duser.language=en -Duser.variant -ea 
java_command: worker.org.gradle.process.internal.worker.GradleWorkerMain 'Gradle Test Executor 15'
java_class_path (initial): C:\Users\Nirav Assar\.gradle\caches\4.10.3\workerMain\gradle-worker.jar
Launcher Type: SUN_STANDARD

Environment Variables:
JAVA_HOME=C:\jdk1.8.0_121
CLASSPATH=C:\Users\Nirav Assar\Documents\oci-micronaut-framework-code\micronaut-cache\\gradle\wrapper\gradle-wrapper.jar
PATH=C:\Perl64\site\bin;C:\Perl64\bin;C:\oraclexe\app\oracle\product\11.2.0\server\bin;C:\Program Files (x86)\Intel\iCLS Client\;C:\Program Files\Intel\iCLS Client\;C:\WINDOWS\system32;C:\WINDOWS;C:\WINDOWS\System32\Wbem;C:\WINDOWS\System32\WindowsPowerShell\v1.0\;C:\Program Files (x86)\Intel\Intel(R) Management Engine Components\DAL;C:\Program Files\Intel\Intel(R) Management Engine Components\DAL;C:\Program Files (x86)\Intel\Intel(R) Management Engine Components\IPT;C:\Program Files\Intel\Intel(R) Management Engine Components\IPT;C:\jdk1.8.0_121\bin;C:\grails-4.0.0\bin;C:\Program Files\nodejs\;C:\Program Files\MySQL\MySQL Server 5.5\bin;C:\Program Files\PuTTY\;C:\Program Files (x86)\Bitvise SSH Client;C:\Program Files (x86)\Windows Live\Shared;C:\Program Files\TortoiseSVN\bin;C:\groovy-2.4.11\bin;C:\Program Files\Git\cmd;C:\apache-cassandra-3.11.2\bin;C:\Python27;C:\WINDOWS\System32\OpenSSH\;C:\Program Files\Intel\WiFi\bin\;C:\Program Files\Common Files\Intel\WirelessCommon\;C:\Program Files\TortoiseGit\bin;C:\Qt\4.8.6\bin;C:\Program Files\Microsoft SQL Server\110\Tools\Binn\;C:\Program Files\Microsoft SQL Server\120\Tools\Binn\;C:\gradle\gradle-5.5.1\bin;C:\Users\Nirav Assar\Documents\oci-micronaut-framework-code\micronaut-core\cli\build\bin;C:\Users\Nirav Assar\AppData\Local\Microsoft\WindowsApps;C:\Users\Nirav Assar\AppData\Roaming\npm;;C:\Program Files\Docker Toolbox
USERNAME=Nirav Assar
OS=Windows_NT
PROCESSOR_IDENTIFIER=Intel64 Family 6 Model 142 Stepping 9, GenuineIntel



---------------  S Y S T E M  ---------------

OS: Windows 10.0 , 64 bit Build 18362 (10.0.18362.86)

CPU:total 4 (2 cores per cpu, 2 threads per core) family 6 model 142 stepping 9, cmov, cx8, fxsr, mmx, sse, sse2, sse3, ssse3, sse4.1, sse4.2, popcnt, avx, avx2, aes, clmul, erms, 3dnowpref, lzcnt, ht, tsc, tscinvbit, bmi1, bmi2, adx

Memory: 4k page, physical 8271100k(1201404k free), swap 10221820k(5196k free)

vm_info: Java HotSpot(TM) 64-Bit Server VM (25.121-b13) for windows-amd64 JRE (1.8.0_121-b13), built on Dec 12 2016 18:21:36 by "java_re" with MS VC++ 10.0 (VS2010)

time: Tue Sep 10 15:57:14 2019
elapsed time: 29 seconds (0d 0h 0m 29s)

